<?xml version="1.0" encoding="UTF-8"?>
<testng-results skipped="0" failed="0" ignored="0" total="1" passed="1">
  <reporter-output>
  </reporter-output>
  <suite name="Default suite" duration-ms="118524" started-at="2020-02-10T20:30:43 IST" finished-at="2020-02-10T20:32:41 IST">
    <groups>
    </groups>
    <test name="Default test" duration-ms="118524" started-at="2020-02-10T20:30:43 IST" finished-at="2020-02-10T20:32:41 IST">
      <class name="browserTest.browserTest">
        <test-method status="PASS" signature="setUpTest()[pri:0, instance:browserTest.browserTest@1fa121e2]" name="setUpTest" is-config="true" duration-ms="14642" started-at="2020-02-10T20:30:43 IST" finished-at="2020-02-10T20:30:57 IST">
          <reporter-output>
          </reporter-output>
        </test-method> <!-- setUpTest -->
        <test-method status="PASS" signature="checkNumOfJobs()[pri:0, instance:browserTest.browserTest@1fa121e2]" name="checkNumOfJobs" duration-ms="102995" started-at="2020-02-10T20:30:57 IST" finished-at="2020-02-10T20:32:40 IST">
          <reporter-output>
          </reporter-output>
        </test-method> <!-- checkNumOfJobs -->
        <test-method status="PASS" signature="tearDownTest()[pri:0, instance:browserTest.browserTest@1fa121e2]" name="tearDownTest" is-config="true" duration-ms="839" started-at="2020-02-10T20:32:40 IST" finished-at="2020-02-10T20:32:41 IST">
          <reporter-output>
          </reporter-output>
        </test-method> <!-- tearDownTest -->
      </class> <!-- browserTest.browserTest -->
    </test> <!-- Default test -->
  </suite> <!-- Default suite -->
</testng-results>
